TRANSITO.DBF
PCM70.DBF 
PCI70.DBF
EDI.DBF
EDI.NTX
ARQESTRU.DBF
MONTAD.DBF
MODELO.DBF
COMPATI.DBF
COMPATI.NTX
COMPATI2.NTX
COMPATI3.NTX
GRUPOPC.DBF
CATALOGO.DBF
ALTFABR.DBF
ALTFABR.NTX
ALTFABR2.NTX
LTBOSCH.DBF
LTBOSCH.NTX
MASTERPO.DBF
MASTERPO.NTX
GRUPOS.DBF
GRUPOS.NTX
CLASSES.DBF
CLASSES.NTX
TAB4908.DBF
CCF.DBF
CCF.NTX
CCFN.NTX
CODLANCA.DBF
CODLANCA.NTX
NATURA.DBF
NATURA.NTX
NATDES.NTX
NATFIS.NTX
SERNF.DBF
SERNF.NTX    
PZPGTO.DBF
PZPGTO.NTX
CREDITO.DBF
TIPMERC.DBF
TIPMERC.NTX
TPEDIDO.DBF
TPEDIDO.NTX
UNIDMED.DBF
UNIDMED.NTX
ENTREDI.DBF
EMPGRUPO.DBF
EMPGRUPO.NTX
SEGMENTO.DBF
CDMUNIC.DBF
CDMUNIC.NTX
CDPAIS.DBF
CDPAIS.NTX
CDUF.DBF
CDUF.NTX
[all].ver
PROTEXE.DBF
FORSEPIN.DBF
FORSEPIN.NTX
LOCAIS.DBF
LOCAIS.NTX
CADTL1.DBF
CADTL11.NTX
CADTL12.NTX
EXCESST.DBF
SEGCOML.DBF
LIBSENHA.DBF